[debug] [2022-08-18T04:41:22.501Z] ----------------------------------------------------------------------
[debug] [2022-08-18T04:41:22.505Z] Command:       C:\Program Files\nodejs\node.exe C:\Users\ARIFUL\AppData\Roaming\npm\node_modules\firebase-tools\lib\bin\firebase.js init
[debug] [2022-08-18T04:41:22.506Z] CLI Version:   11.7.0
[debug] [2022-08-18T04:41:22.507Z] Platform:      win32
[debug] [2022-08-18T04:41:22.507Z] Node Version:  v16.13.1
[debug] [2022-08-18T04:41:22.516Z] Time:          Thu Aug 18 2022 10:41:22 GMT+0600 (Bangladesh Standard Time)
[debug] [2022-08-18T04:41:22.517Z] ----------------------------------------------------------------------
[debug] 
[debug] [2022-08-18T04:41:22.623Z] > command requires scopes: ["email","openid","https://www.googleapis.com/auth/cloudplatformprojects.readonly","https://www.googleapis.com/auth/firebase","https://www.googleapis.com/auth/cloud-platform"]
[debug] [2022-08-18T04:41:22.624Z] > authorizing via signed-in user (arifulislam11819@gmail.com)
[info] 
     ######## #### ########  ######## ########     ###     ######  ########
     ##        ##  ##     ## ##       ##     ##  ##   ##  ##       ##
     ######    ##  ########  ######   ########  #########  ######  ######
     ##        ##  ##    ##  ##       ##     ## ##     ##       ## ##
     ##       #### ##     ## ######## ########  ##     ##  ######  ########

You're about to initialize a Firebase project in this directory:

  C:\projects2\top-gear-perform-clients

Before we get started, keep in mind:

  * You are currently outside your home directory
  * You are initializing within an existing Firebase project directory

